2023-07-07 10:20:23,304 WARN com.zaxxer.hikari.pool.HikariPool$HouseKeeper [HikariPool-1 housekeeper] HikariPool-1 - Thread starvation or clock leap detected (housekeeper delta=12h25m35s113ms445µs300ns).
2023-07-07 12:02:36,243 WARN com.zaxxer.hikari.pool.HikariPool$HouseKeeper [HikariPool-1 housekeeper] HikariPool-1 - Thread starvation or clock leap detected (housekeeper delta=38m11s866ms943µs200ns).
2023-07-07 12:23:50,919 INFO com.example.demo.controller.CustomerController [http-nio-8080-exec-5] Received request to get pizza info
2023-07-07 12:23:50,942 DEBUG org.apache.ibatis.logging.jdbc.BaseJdbcLogger [http-nio-8080-exec-5] ==>  Preparing: SELECT * FROM customers
2023-07-07 12:23:50,951 DEBUG org.apache.ibatis.logging.jdbc.BaseJdbcLogger [http-nio-8080-exec-5] ==> Parameters: 
2023-07-07 12:23:50,961 TRACE org.apache.ibatis.logging.jdbc.BaseJdbcLogger [http-nio-8080-exec-5] <==    Columns: customer_id, customer_name, address, phone_number
2023-07-07 12:23:50,962 TRACE org.apache.ibatis.logging.jdbc.BaseJdbcLogger [http-nio-8080-exec-5] <==        Row: 1, Amol Rathod, Pune, 8208881796
2023-07-07 12:23:50,968 TRACE org.apache.ibatis.logging.jdbc.BaseJdbcLogger [http-nio-8080-exec-5] <==        Row: 3, Amol Rathod, Pune-manjri, 8208881796
2023-07-07 12:23:50,975 TRACE org.apache.ibatis.logging.jdbc.BaseJdbcLogger [http-nio-8080-exec-5] <==        Row: 4, Amol Rathod, Pune-manjari bk, 8208881796
2023-07-07 12:23:50,977 DEBUG org.apache.ibatis.logging.jdbc.BaseJdbcLogger [http-nio-8080-exec-5] <==      Total: 3
2023-07-07 12:23:50,989 INFO com.example.demo.services.CustomerService [http-nio-8080-exec-5] Returning response after request execution...
2023-07-07 12:23:52,700 INFO com.example.demo.controller.CustomerController [http-nio-8080-exec-7] Received request to get pizza info
2023-07-07 12:23:52,701 DEBUG org.apache.ibatis.logging.jdbc.BaseJdbcLogger [http-nio-8080-exec-7] ==>  Preparing: SELECT * FROM customers
2023-07-07 12:23:52,703 DEBUG org.apache.ibatis.logging.jdbc.BaseJdbcLogger [http-nio-8080-exec-7] ==> Parameters: 
2023-07-07 12:23:52,705 TRACE org.apache.ibatis.logging.jdbc.BaseJdbcLogger [http-nio-8080-exec-7] <==    Columns: customer_id, customer_name, address, phone_number
2023-07-07 12:23:52,705 TRACE org.apache.ibatis.logging.jdbc.BaseJdbcLogger [http-nio-8080-exec-7] <==        Row: 1, Amol Rathod, Pune, 8208881796
2023-07-07 12:23:52,706 TRACE org.apache.ibatis.logging.jdbc.BaseJdbcLogger [http-nio-8080-exec-7] <==        Row: 3, Amol Rathod, Pune-manjri, 8208881796
2023-07-07 12:23:52,707 TRACE org.apache.ibatis.logging.jdbc.BaseJdbcLogger [http-nio-8080-exec-7] <==        Row: 4, Amol Rathod, Pune-manjari bk, 8208881796
2023-07-07 12:23:52,711 DEBUG org.apache.ibatis.logging.jdbc.BaseJdbcLogger [http-nio-8080-exec-7] <==      Total: 3
2023-07-07 12:23:52,712 INFO com.example.demo.services.CustomerService [http-nio-8080-exec-7] Returning response after request execution...
2023-07-07 12:24:00,851 INFO com.example.demo.controller.CustomerController [http-nio-8080-exec-8] Received request to get pizza info
2023-07-07 12:24:00,853 DEBUG org.apache.ibatis.logging.jdbc.BaseJdbcLogger [http-nio-8080-exec-8] ==>  Preparing: SELECT * FROM customers
2023-07-07 12:24:00,855 DEBUG org.apache.ibatis.logging.jdbc.BaseJdbcLogger [http-nio-8080-exec-8] ==> Parameters: 
2023-07-07 12:24:00,856 TRACE org.apache.ibatis.logging.jdbc.BaseJdbcLogger [http-nio-8080-exec-8] <==    Columns: customer_id, customer_name, address, phone_number
2023-07-07 12:24:00,857 TRACE org.apache.ibatis.logging.jdbc.BaseJdbcLogger [http-nio-8080-exec-8] <==        Row: 1, Amol Rathod, Pune, 8208881796
2023-07-07 12:24:00,859 TRACE org.apache.ibatis.logging.jdbc.BaseJdbcLogger [http-nio-8080-exec-8] <==        Row: 3, Amol Rathod, Pune-manjri, 8208881796
2023-07-07 12:24:00,860 TRACE org.apache.ibatis.logging.jdbc.BaseJdbcLogger [http-nio-8080-exec-8] <==        Row: 4, Amol Rathod, Pune-manjari bk, 8208881796
2023-07-07 12:24:00,861 DEBUG org.apache.ibatis.logging.jdbc.BaseJdbcLogger [http-nio-8080-exec-8] <==      Total: 3
2023-07-07 12:24:00,862 INFO com.example.demo.services.CustomerService [http-nio-8080-exec-8] Returning response after request execution...
2023-07-07 12:58:03,299 INFO com.zaxxer.hikari.HikariDataSource [SpringApplicationShutdownHook] HikariPool-1 - Shutdown initiated...
2023-07-07 12:58:03,317 INFO com.zaxxer.hikari.HikariDataSource [SpringApplicationShutdownHook] HikariPool-1 - Shutdown completed.
2023-07-07 13:19:00,809 INFO org.hibernate.validator.internal.util.Version [background-preinit] HV000001: Hibernate Validator 6.2.3.Final
2023-07-07 13:19:00,842 INFO org.springframework.boot.StartupInfoLogger [main] Starting DemoApplication using Java 1.8.0_202 on TBIN04 with PID 18748 (D:\workspace\DEMO\demo\demo\target\classes started by Administrator in D:\workspace\DEMO\demo\demo)
2023-07-07 13:19:00,843 DEBUG org.springframework.boot.StartupInfoLogger [main] Running with Spring Boot v2.7.1, Spring v5.3.21
2023-07-07 13:19:00,844 INFO org.springframework.boot.SpringApplication [main] No active profile set, falling back to 1 default profile: "default"
2023-07-07 13:19:04,461 INFO org.springframework.boot.web.embedded.tomcat.TomcatWebServer [main] Tomcat initialized with port(s): 8080 (http)
2023-07-07 13:19:04,483 INFO org.apache.juli.logging.DirectJDKLog [main] Initializing ProtocolHandler ["http-nio-8080"]
2023-07-07 13:19:04,484 INFO org.apache.juli.logging.DirectJDKLog [main] Starting service [Tomcat]
2023-07-07 13:19:04,485 INFO org.apache.juli.logging.DirectJDKLog [main] Starting Servlet engine: [Apache Tomcat/9.0.64]
2023-07-07 13:19:04,953 INFO org.apache.juli.logging.DirectJDKLog [main] Initializing Spring embedded WebApplicationContext
2023-07-07 13:19:04,953 INFO org.springframework.boot.web.servlet.context.ServletWebServerApplicationContext [main] Root WebApplicationContext: initialization completed in 3938 ms
2023-07-07 13:19:06,351 INFO org.springframework.security.web.DefaultSecurityFilterChain [main] Will secure any request with [org.springframework.security.web.session.DisableEncodeUrlFilter@4d8286c4, org.springframework.security.web.context.request.async.WebAsyncManagerIntegrationFilter@150ede8b, org.springframework.security.web.context.SecurityContextPersistenceFilter@41522537, org.springframework.security.web.header.HeaderWriterFilter@1de0a46c, org.springframework.security.web.authentication.logout.LogoutFilter@602ae7b6, org.springframework.security.web.authentication.www.BasicAuthenticationFilter@27b45ea, org.springframework.security.web.savedrequest.RequestCacheAwareFilter@670d4d38, org.springframework.security.web.servletapi.SecurityContextHolderAwareRequestFilter@42c28305, org.springframework.security.web.authentication.AnonymousAuthenticationFilter@161f6623, org.springframework.security.web.session.SessionManagementFilter@5477a1ca, org.springframework.security.web.access.ExceptionTranslationFilter@3e1a3801, org.springframework.security.web.access.intercept.AuthorizationFilter@3724b43e]
2023-07-07 13:19:06,886 WARN org.springframework.context.support.AbstractApplicationContext [main] Exception encountered during context initialization - cancelling refresh attempt: org.springframework.beans.factory.BeanCreationException: Error creating bean with name 'requestMappingHandlerMapping' defined in class path resource [org/springframework/boot/autoconfigure/web/servlet/WebMvcAutoConfiguration$EnableWebMvcConfiguration.class]: Invocation of init method failed; nested exception is java.lang.IllegalStateException: Ambiguous mapping. Cannot map 'pizzaController' method 
com.example.demo.controller.PizzaController#deleteUser(Integer)
to {DELETE [/api/v1/pizza/{id}]}: There is already 'loginController' bean method
com.example.demo.controller.LoginController#deleteUser(Integer) mapped.
2023-07-07 13:19:06,897 INFO org.apache.juli.logging.DirectJDKLog [main] Stopping service [Tomcat]
2023-07-07 13:19:06,925 INFO org.springframework.boot.autoconfigure.logging.ConditionEvaluationReportLoggingListener [main] 

Error starting ApplicationContext. To display the conditions report re-run your application with 'debug' enabled.
2023-07-07 13:19:06,972 ERROR org.springframework.boot.SpringApplication [main] Application run failed
org.springframework.beans.factory.BeanCreationException: Error creating bean with name 'requestMappingHandlerMapping' defined in class path resource [org/springframework/boot/autoconfigure/web/servlet/WebMvcAutoConfiguration$EnableWebMvcConfiguration.class]: Invocation of init method failed; nested exception is java.lang.IllegalStateException: Ambiguous mapping. Cannot map 'pizzaController' method 
com.example.demo.controller.PizzaController#deleteUser(Integer)
to {DELETE [/api/v1/pizza/{id}]}: There is already 'loginController' bean method
com.example.demo.controller.LoginController#deleteUser(Integer) mapped.
	at org.springframework.beans.factory.support.AbstractAutowireCapableBeanFactory.initializeBean(AbstractAutowireCapableBeanFactory.java:1804)
	at org.springframework.beans.factory.support.AbstractAutowireCapableBeanFactory.doCreateBean(AbstractAutowireCapableBeanFactory.java:620)
	at org.springframework.beans.factory.support.AbstractAutowireCapableBeanFactory.createBean(AbstractAutowireCapableBeanFactory.java:542)
	at org.springframework.beans.factory.support.AbstractBeanFactory.lambda$doGetBean$0(AbstractBeanFactory.java:335)
	at org.springframework.beans.factory.support.DefaultSingletonBeanRegistry.getSingleton(DefaultSingletonBeanRegistry.java:234)
	at org.springframework.beans.factory.support.AbstractBeanFactory.doGetBean(AbstractBeanFactory.java:333)
	at org.springframework.beans.factory.support.AbstractBeanFactory.getBean(AbstractBeanFactory.java:208)
	at org.springframework.beans.factory.support.DefaultListableBeanFactory.preInstantiateSingletons(DefaultListableBeanFactory.java:955)
	at org.springframework.context.support.AbstractApplicationContext.finishBeanFactoryInitialization(AbstractApplicationContext.java:918)
	at org.springframework.context.support.AbstractApplicationContext.refresh(AbstractApplicationContext.java:583)
	at org.springframework.boot.web.servlet.context.ServletWebServerApplicationContext.refresh(ServletWebServerApplicationContext.java:147)
	at org.springframework.boot.SpringApplication.refresh(SpringApplication.java:734)
	at org.springframework.boot.SpringApplication.refreshContext(SpringApplication.java:408)
	at org.springframework.boot.SpringApplication.run(SpringApplication.java:308)
	at org.springframework.boot.SpringApplication.run(SpringApplication.java:1306)
	at org.springframework.boot.SpringApplication.run(SpringApplication.java:1295)
	at com.example.demo.DemoApplication.main(DemoApplication.java:18)
Caused by: java.lang.IllegalStateException: Ambiguous mapping. Cannot map 'pizzaController' method 
com.example.demo.controller.PizzaController#deleteUser(Integer)
to {DELETE [/api/v1/pizza/{id}]}: There is already 'loginController' bean method
com.example.demo.controller.LoginController#deleteUser(Integer) mapped.
	at org.springframework.web.servlet.handler.AbstractHandlerMethodMapping$MappingRegistry.validateMethodMapping(AbstractHandlerMethodMapping.java:669)
	at org.springframework.web.servlet.handler.AbstractHandlerMethodMapping$MappingRegistry.register(AbstractHandlerMethodMapping.java:635)
	at org.springframework.web.servlet.handler.AbstractHandlerMethodMapping.registerHandlerMethod(AbstractHandlerMethodMapping.java:332)
	at org.springframework.web.servlet.mvc.method.annotation.RequestMappingHandlerMapping.registerHandlerMethod(RequestMappingHandlerMapping.java:420)
	at org.springframework.web.servlet.mvc.method.annotation.RequestMappingHandlerMapping.registerHandlerMethod(RequestMappingHandlerMapping.java:76)
	at org.springframework.web.servlet.handler.AbstractHandlerMethodMapping.lambda$detectHandlerMethods$2(AbstractHandlerMethodMapping.java:299)
	at java.util.LinkedHashMap.forEach(LinkedHashMap.java:684)
	at org.springframework.web.servlet.handler.AbstractHandlerMethodMapping.detectHandlerMethods(AbstractHandlerMethodMapping.java:297)
	at org.springframework.web.servlet.handler.AbstractHandlerMethodMapping.processCandidateBean(AbstractHandlerMethodMapping.java:266)
	at org.springframework.web.servlet.handler.AbstractHandlerMethodMapping.initHandlerMethods(AbstractHandlerMethodMapping.java:225)
	at org.springframework.web.servlet.handler.AbstractHandlerMethodMapping.afterPropertiesSet(AbstractHandlerMethodMapping.java:213)
	at org.springframework.web.servlet.mvc.method.annotation.RequestMappingHandlerMapping.afterPropertiesSet(RequestMappingHandlerMapping.java:205)
	at org.springframework.beans.factory.support.AbstractAutowireCapableBeanFactory.invokeInitMethods(AbstractAutowireCapableBeanFactory.java:1863)
	at org.springframework.beans.factory.support.AbstractAutowireCapableBeanFactory.initializeBean(AbstractAutowireCapableBeanFactory.java:1800)
	... 16 common frames omitted
2023-07-07 13:20:15,051 INFO org.springframework.boot.StartupInfoLogger [main] Starting DemoApplication using Java 1.8.0_202 on TBIN04 with PID 3400 (D:\workspace\DEMO\demo\demo\target\classes started by Administrator in D:\workspace\DEMO\demo\demo)
2023-07-07 13:20:15,055 DEBUG org.springframework.boot.StartupInfoLogger [main] Running with Spring Boot v2.7.1, Spring v5.3.21
2023-07-07 13:20:15,056 INFO org.springframework.boot.SpringApplication [main] No active profile set, falling back to 1 default profile: "default"
2023-07-07 13:20:15,067 INFO org.hibernate.validator.internal.util.Version [background-preinit] HV000001: Hibernate Validator 6.2.3.Final
2023-07-07 13:20:18,646 INFO org.springframework.boot.web.embedded.tomcat.TomcatWebServer [main] Tomcat initialized with port(s): 8080 (http)
2023-07-07 13:20:18,663 INFO org.apache.juli.logging.DirectJDKLog [main] Initializing ProtocolHandler ["http-nio-8080"]
2023-07-07 13:20:18,664 INFO org.apache.juli.logging.DirectJDKLog [main] Starting service [Tomcat]
2023-07-07 13:20:18,665 INFO org.apache.juli.logging.DirectJDKLog [main] Starting Servlet engine: [Apache Tomcat/9.0.64]
2023-07-07 13:20:19,081 INFO org.apache.juli.logging.DirectJDKLog [main] Initializing Spring embedded WebApplicationContext
2023-07-07 13:20:19,082 INFO org.springframework.boot.web.servlet.context.ServletWebServerApplicationContext [main] Root WebApplicationContext: initialization completed in 3866 ms
2023-07-07 13:20:20,457 INFO org.springframework.security.web.DefaultSecurityFilterChain [main] Will secure any request with [org.springframework.security.web.session.DisableEncodeUrlFilter@bfc14b9, org.springframework.security.web.context.request.async.WebAsyncManagerIntegrationFilter@fb6097b, org.springframework.security.web.context.SecurityContextPersistenceFilter@2903c6ff, org.springframework.security.web.header.HeaderWriterFilter@7d199c68, org.springframework.security.web.authentication.logout.LogoutFilter@199bc830, org.springframework.security.web.authentication.www.BasicAuthenticationFilter@4d192aef, org.springframework.security.web.savedrequest.RequestCacheAwareFilter@37af1f93, org.springframework.security.web.servletapi.SecurityContextHolderAwareRequestFilter@d8d9199, org.springframework.security.web.authentication.AnonymousAuthenticationFilter@2dfe5525, org.springframework.security.web.session.SessionManagementFilter@5d5160e6, org.springframework.security.web.access.ExceptionTranslationFilter@42c28305, org.springframework.security.web.access.intercept.AuthorizationFilter@6778aea6]
2023-07-07 13:20:21,469 INFO org.apache.juli.logging.DirectJDKLog [main] Starting ProtocolHandler ["http-nio-8080"]
2023-07-07 13:20:21,543 INFO org.springframework.boot.web.embedded.tomcat.TomcatWebServer [main] Tomcat started on port(s): 8080 (http) with context path ''
2023-07-07 13:20:21,565 INFO org.springframework.boot.StartupInfoLogger [main] Started DemoApplication in 7.195 seconds (JVM running for 8.545)
2023-07-07 13:20:28,393 INFO org.apache.juli.logging.DirectJDKLog [http-nio-8080-exec-1] Initializing Spring DispatcherServlet 'dispatcherServlet'
2023-07-07 13:20:28,394 INFO org.springframework.web.servlet.FrameworkServlet [http-nio-8080-exec-1] Initializing Servlet 'dispatcherServlet'
2023-07-07 13:20:28,403 INFO org.springframework.web.servlet.FrameworkServlet [http-nio-8080-exec-1] Completed initialization in 8 ms
2023-07-07 13:20:28,755 INFO com.example.demo.controller.CustomerController [http-nio-8080-exec-1] Received request to get pizza info
2023-07-07 13:20:28,815 INFO com.zaxxer.hikari.HikariDataSource [http-nio-8080-exec-1] HikariPool-1 - Starting...
2023-07-07 13:20:30,745 INFO com.zaxxer.hikari.HikariDataSource [http-nio-8080-exec-1] HikariPool-1 - Start completed.
2023-07-07 13:20:30,756 DEBUG org.apache.ibatis.logging.jdbc.BaseJdbcLogger [http-nio-8080-exec-1] ==>  Preparing: SELECT * FROM customers
2023-07-07 13:20:30,793 DEBUG org.apache.ibatis.logging.jdbc.BaseJdbcLogger [http-nio-8080-exec-1] ==> Parameters: 
2023-07-07 13:20:30,823 TRACE org.apache.ibatis.logging.jdbc.BaseJdbcLogger [http-nio-8080-exec-1] <==    Columns: customer_id, customer_name, address, phone_number
2023-07-07 13:20:30,824 TRACE org.apache.ibatis.logging.jdbc.BaseJdbcLogger [http-nio-8080-exec-1] <==        Row: 1, Amol Rathod, Pune, 8208881796
2023-07-07 13:20:30,827 TRACE org.apache.ibatis.logging.jdbc.BaseJdbcLogger [http-nio-8080-exec-1] <==        Row: 3, Amol Rathod, Pune-manjri, 8208881796
2023-07-07 13:20:30,828 TRACE org.apache.ibatis.logging.jdbc.BaseJdbcLogger [http-nio-8080-exec-1] <==        Row: 4, Amol Rathod, Pune-manjari bk, 8208881796
2023-07-07 13:20:30,829 DEBUG org.apache.ibatis.logging.jdbc.BaseJdbcLogger [http-nio-8080-exec-1] <==      Total: 3
2023-07-07 13:20:30,839 INFO com.example.demo.services.CustomerService [http-nio-8080-exec-1] Returning response after request execution...
2023-07-07 14:28:32,714 INFO com.zaxxer.hikari.HikariDataSource [SpringApplicationShutdownHook] HikariPool-1 - Shutdown initiated...
2023-07-07 14:28:32,732 INFO com.zaxxer.hikari.HikariDataSource [SpringApplicationShutdownHook] HikariPool-1 - Shutdown completed.
